{
  "stats": {
    "suites": 1,
    "tests": 1,
    "passes": 0,
    "pending": 0,
    "failures": 1,
    "start": "2024-02-12T14:45:00.127Z",
    "end": "2024-02-12T14:45:00.240Z",
    "duration": 113,
    "testsRegistered": 1,
    "passPercent": 0,
    "pendingPercent": 0,
    "other": 0,
    "hasOther": false,
    "skipped": 0,
    "hasSkipped": false
  },
  "results": [
    {
      "uuid": "1e02acbd-7c64-47d1-9df8-2dcb48dc2eda",
      "title": "",
      "fullFile": "/home/thor/Projects/test-cases/api-tests/get_request.js",
      "file": "/api-tests/get_request.js",
      "beforeHooks": [],
      "afterHooks": [],
      "tests": [],
      "suites": [
        {
          "uuid": "46dbe56d-f2ca-44b1-a67b-37c7017086b5",
          "title": "GET API request test case starts here",
          "fullFile": "/home/thor/Projects/test-cases/api-tests/get_request.js",
          "file": "/api-tests/get_request.js",
          "beforeHooks": [],
          "afterHooks": [],
          "tests": [
            {
              "title": "should be able get user list",
              "fullTitle": "GET API request test case starts here should be able get user list",
              "timedOut": false,
              "duration": 102,
              "state": "failed",
              "speed": null,
              "pass": false,
              "fail": true,
              "pending": false,
              "context": null,
              "code": "const res = await axios.get('http://localhost:3000/api/v2/test/testmagi');\nexpect(res.data.data).equal(true)",
              "err": {
                "message": "AxiosError: Request failed with status code 500",
                "estack": "AxiosError: Request failed with status code 500\n    at settle (node_modules/axios/dist/node/axios.cjs:1967:12)\n    at Unzip.handleStreamEnd (node_modules/axios/dist/node/axios.cjs:3066:11)\n    at Unzip.emit (node:events:525:35)\n    at endReadableNT (node:internal/streams/readable:1359:12)\n    at process.processTicksAndRejections (node:internal/process/task_queues:82:21)\n    at Axios.request (node_modules/axios/dist/node/axios.cjs:3877:41)\n    at process.processTicksAndRejections (node:internal/process/task_queues:95:5)\n    at async Context.<anonymous> (api-tests/get_request.js:6:21)",
                "diff": null
              },
              "uuid": "cd546f93-e89d-4a1f-ba54-280758f44ac6",
              "parentUUID": "46dbe56d-f2ca-44b1-a67b-37c7017086b5",
              "isHook": false,
              "skipped": false
            }
          ],
          "suites": [],
          "passes": [],
          "failures": [
            "cd546f93-e89d-4a1f-ba54-280758f44ac6"
          ],
          "pending": [],
          "skipped": [],
          "duration": 102,
          "root": false,
          "rootEmpty": false,
          "_timeout": 10000
        }
      ],
      "passes": [],
      "failures": [],
      "pending": [],
      "skipped": [],
      "duration": 0,
      "root": true,
      "rootEmpty": true,
      "_timeout": 10000
    }
  ],
  "meta": {
    "mocha": {
      "version": "10.3.0"
    },
    "mochawesome": {
      "options": {
        "quiet": false,
        "reportFilename": "mochawesome",
        "saveHtml": true,
        "saveJson": true,
        "consoleReporter": "spec",
        "useInlineDiffs": false,
        "code": true
      },
      "version": "7.1.3"
    },
    "marge": {
      "options": null,
      "version": "6.2.0"
    }
  }
}